  trains_unit.cpp
E:\Unic\Computer science\Comp practise\2 semester\prob_12_project\trains_code\Button.h(23,24): warning C4244: =: преобразование "T" в "int", возможна потеря данных
          with
          [
              T=float
          ]
E:\Unic\Computer science\Comp practise\2 semester\prob_12_project\trains_code\Button.h(24,25): warning C4244: =: преобразование "T" в "int", возможна потеря данных
          with
          [
              T=float
          ]
E:\Unic\Computer science\Comp practise\2 semester\prob_12_project\trains_code\Button.h(52,14): warning C4244: инициализация: преобразование "double" в "float", возможна потеря данных
E:\Unic\Computer science\Comp practise\2 semester\prob_12_project\trains_code\Button.h(67,15): warning C4244: инициализация: преобразование "const T" в "int", возможна потеря данных
          with
          [
              T=float
          ]
E:\Unic\Computer science\Comp practise\2 semester\prob_12_project\trains_code\Button.h(68,15): warning C4244: инициализация: преобразование "const T" в "int", возможна потеря данных
          with
          [
              T=float
          ]
E:\Unic\Computer science\Comp practise\2 semester\prob_12_project\trains_code\Textbox.h(27,21): warning C4018: <: несоответствие типов со знаком и без знака
E:\Unic\Computer science\Comp practise\2 semester\prob_12_project\trains_code\Textbox.h(89,22): warning C4018: <: несоответствие типов со знаком и без знака
E:\Unic\Computer science\Comp practise\2 semester\prob_12_project\trains_code\Textbox.h(116,30): warning C4018: <=: несоответствие типов со знаком и без знака
E:\Unic\Computer science\Comp practise\2 semester\prob_12_project\trains_code\Textbox.h(118,36): warning C4018: >: несоответствие типов со знаком и без знака
  trains_code.vcxproj -> E:\Unic\Computer science\Comp practise\2 semester\prob_12_project\trains_code\Debug\trains_code.exe
